[01/01/2011 22:51:31] /i 2160
[01/01/2011 22:54:23] /down
[01/01/2011 22:54:32] /down
[01/01/2011 22:54:37] /a 2
[01/01/2011 22:54:37] /a 2
[01/01/2011 22:54:38] /a 2
[01/01/2011 22:54:47] /up
[01/01/2011 22:55:29] /a 2
[01/01/2011 22:55:45] /down
[01/01/2011 22:57:42] /up
[01/01/2011 22:57:46] /up 5
[01/01/2011 22:57:49] /up 2
[01/01/2011 22:57:59] /down
[01/01/2011 22:58:00] /down
[01/01/2011 22:58:05] /up
[01/01/2011 23:03:02] /addskill GOD Reconnect,magic,100
[01/01/2011 23:03:05] /addskill GOD Reconnect,magic,100
[01/01/2011 23:03:20] /addskill GOD Reconnect,magic,100
[01/01/2011 23:03:20] /addskill GOD Reconnect,magic,100
[01/01/2011 23:03:21] /addskill GOD Reconnect,magic,100
[01/01/2011 23:03:21] /addskill GOD Reconnect,magic,100
[01/01/2011 23:03:22] /addskill GOD Reconnect,magic,100
[01/01/2011 23:03:26] /addskill GOD Reconnect,magic,1000000
[01/01/2011 23:03:27] /addskill GOD Reconnect,magic,1000000
[01/01/2011 23:03:28] /addskill GOD Reconnect,magic,1000000
[01/01/2011 23:03:41] /addskill GOD Reconnect,level,10000
[01/01/2011 23:03:55] /t
[01/01/2011 23:05:56] /i zaoan sword
[01/01/2011 23:07:12] /i Baiak Sword
[01/01/2011 23:09:10] /up
[01/01/2011 23:09:11] /up
[01/01/2011 23:09:14] /up
[01/01/2011 23:09:30] /up
[01/01/2011 23:09:31] /up
[01/01/2011 23:09:36] /t
[01/01/2011 23:09:54] /i 2160
[01/01/2011 23:09:55] /i 2160
[01/01/2011 23:09:55] /i 2160
[01/01/2011 23:09:56] /i 2160
[01/01/2011 23:09:57] /i 2160
[01/01/2011 23:09:57] /i 2160
[01/01/2011 23:11:27] /i 2160
[01/01/2011 23:11:28] /i 2160
[01/01/2011 23:14:49] /a 1
[01/01/2011 23:14:50] /a 1
[01/01/2011 23:14:52] /a 10
[01/01/2011 23:14:54] /a 10
[01/01/2011 23:14:55] /a 10
[01/01/2011 23:14:56] /a 10
[01/01/2011 23:15:03] /a 10
[01/01/2011 23:15:04] /a 10
[01/01/2011 23:15:05] /a 10
[01/01/2011 23:15:05] /a 10
[01/01/2011 23:15:06] /a 10
[01/01/2011 23:15:07] /a 10
[01/01/2011 23:15:07] /a 10
[01/01/2011 23:15:08] /a 10
[01/01/2011 23:15:09] /a 10
[01/01/2011 23:19:19] /a 50
[01/01/2011 23:19:20] /a 50
[03/01/2011 14:43:15] /a
[03/01/2011 14:43:30] /i knife
[03/01/2011 14:45:03] /a
[03/01/2011 14:45:06] /a
[03/01/2011 14:47:06] /i intense healing rune
[03/01/2011 14:50:02] /i 2160
[03/01/2011 14:51:47] /up
[03/01/2011 14:51:57] /down
[03/01/2011 14:51:59] /down
[03/01/2011 14:54:20] /a 5
[03/01/2011 14:54:38] /up
[03/01/2011 14:55:42] /a 
[03/01/2011 14:55:44] /a 
[03/01/2011 14:55:56] /up
[03/01/2011 14:55:58] /up
[03/01/2011 14:55:59] /up
[03/01/2011 14:56:04] /a 5
[03/01/2011 14:56:05] /a 5
[03/01/2011 14:56:23] /a 1
[03/01/2011 14:57:30] /up
[03/01/2011 14:57:32] /up
[03/01/2011 14:57:33] /up
[03/01/2011 14:57:36] /a 1
[03/01/2011 14:57:38] /up
[03/01/2011 14:57:41] /up
[03/01/2011 14:58:02] /a 4
[03/01/2011 14:58:04] /a 5
[03/01/2011 14:58:05] /a 6
[03/01/2011 14:58:06] /a 7
[03/01/2011 14:58:25] /a 2
